2025-03-28 17:13:46.121381 - Received CBT.V508.FILE053.PDS from FILE053.XMI 
2025-03-28 17:13:46.124413 - Found $.txt (text/plain) in CBT.V508.FILE053.PDS, moved to PDS/$
2025-03-28 17:13:46.127186 - Found $$$#DATE.txt (text/plain) in CBT.V508.FILE053.PDS, moved to PDS/$$$#DATE
2025-03-28 17:13:46.128340 - Found @FILE053.txt (text/plain) in CBT.V508.FILE053.PDS, moved to PDS/@FILE053
2025-03-28 17:13:46.129966 - Found ALLOCMOD.txt (text/plain) in CBT.V508.FILE053.PDS, moved to PDS/ALLOCMOD
2025-03-28 17:13:46.131810 - Found ASID.txt (text/plain) in CBT.V508.FILE053.PDS, moved to PDS/ASID
2025-03-28 17:13:46.132873 - Found CATLGTAP.txt (text/plain) in CBT.V508.FILE053.PDS, moved to PDS/CATLGTAP
2025-03-28 17:13:46.133845 - Found CATLIST.txt (text/plain) in CBT.V508.FILE053.PDS, moved to PDS/CATLIST
2025-03-28 17:13:46.134771 - Found CMDEX005.txt (text/plain) in CBT.V508.FILE053.PDS, moved to PDS/CMDEX005
2025-03-28 17:13:46.135569 - Found CMDEX255.txt (text/plain) in CBT.V508.FILE053.PDS, moved to PDS/CMDEX255
2025-03-28 17:13:46.136759 - Found CMPAPDX.txt (text/plain) in CBT.V508.FILE053.PDS, moved to PDS/CMPAPDX
2025-03-28 17:13:46.138428 - Found COMMAND.txt (text/plain) in CBT.V508.FILE053.PDS, moved to PDS/COMMAND
2025-03-28 17:13:46.139306 - Found DLXBLGE#.txt (text/plain) in CBT.V508.FILE053.PDS, moved to PDS/DLXBLGE#
2025-03-28 17:13:46.140953 - Found DLXBLGEN.txt (text/plain) in CBT.V508.FILE053.PDS, moved to PDS/DLXBLGEN
2025-03-28 17:13:46.143065 - Found DLXCICLG.txt (text/plain) in CBT.V508.FILE053.PDS, moved to PDS/DLXCICLG
2025-03-28 17:13:46.143917 - Found DLXCMD.txt (text/plain) in CBT.V508.FILE053.PDS, moved to PDS/DLXCMD
2025-03-28 17:13:46.144615 - Found DLXCMDUX.txt (text/plain) in CBT.V508.FILE053.PDS, moved to PDS/DLXCMDUX
2025-03-28 17:13:46.145740 - Found DLXEXTNT.txt (text/plain) in CBT.V508.FILE053.PDS, moved to PDS/DLXEXTNT
2025-03-28 17:13:46.147281 - Found DLXGENPW.txt (text/plain) in CBT.V508.FILE053.PDS, moved to PDS/DLXGENPW
2025-03-28 17:13:46.148975 - Found DLXJCTUP.txt (text/plain) in CBT.V508.FILE053.PDS, moved to PDS/DLXJCTUP
2025-03-28 17:13:46.149993 - Found DLXJOBS#.txt (text/plain) in CBT.V508.FILE053.PDS, moved to PDS/DLXJOBS#
2025-03-28 17:13:46.151601 - Found DLXJOBST.txt (text/plain) in CBT.V508.FILE053.PDS, moved to PDS/DLXJOBST
2025-03-28 17:13:46.152418 - Found DLXNALOC.txt (text/plain) in CBT.V508.FILE053.PDS, moved to PDS/DLXNALOC
2025-03-28 17:13:46.153288 - Found DLXNOTXT.txt (text/plain) in CBT.V508.FILE053.PDS, moved to PDS/DLXNOTXT
2025-03-28 17:13:46.154240 - Found DLXOFFL.txt (text/plain) in CBT.V508.FILE053.PDS, moved to PDS/DLXOFFL
2025-03-28 17:13:46.155131 - Found DLXPRIME.txt (text/plain) in CBT.V508.FILE053.PDS, moved to PDS/DLXPRIME
2025-03-28 17:13:46.156417 - Found DLXPUNCH.txt (text/plain) in CBT.V508.FILE053.PDS, moved to PDS/DLXPUNCH
2025-03-28 17:13:46.158238 - Found DLXRACCK.txt (text/plain) in CBT.V508.FILE053.PDS, moved to PDS/DLXRACCK
2025-03-28 17:13:46.159249 - Found DLXREBL#.txt (text/plain) in CBT.V508.FILE053.PDS, moved to PDS/DLXREBL#
2025-03-28 17:13:46.160450 - Found DLXREBLK.txt (text/plain) in CBT.V508.FILE053.PDS, moved to PDS/DLXREBLK
2025-03-28 17:13:46.163074 - Found DLXRFSCN.txt (text/plain) in CBT.V508.FILE053.PDS, moved to PDS/DLXRFSCN
2025-03-28 17:13:46.163909 - Found DLXRMTUX.txt (text/plain) in CBT.V508.FILE053.PDS, moved to PDS/DLXRMTUX
2025-03-28 17:13:46.164620 - Found DLXRTM.txt (text/plain) in CBT.V508.FILE053.PDS, moved to PDS/DLXRTM
2025-03-28 17:13:46.165547 - Found DLXSHARD.txt (text/plain) in CBT.V508.FILE053.PDS, moved to PDS/DLXSHARD
2025-03-28 17:13:46.167559 - Found DLXSYLOG.txt (text/plain) in CBT.V508.FILE053.PDS, moved to PDS/DLXSYLOG
2025-03-28 17:13:46.168688 - Found DLXTPLST.txt (text/plain) in CBT.V508.FILE053.PDS, moved to PDS/DLXTPLST
2025-03-28 17:13:46.169352 - Found DLXTRAN#.txt (text/plain) in CBT.V508.FILE053.PDS, moved to PDS/DLXTRAN#
2025-03-28 17:13:46.170994 - Found DLXTRANS.txt (text/plain) in CBT.V508.FILE053.PDS, moved to PDS/DLXTRANS
2025-03-28 17:13:46.172037 - Found DLXTRT.txt (text/plain) in CBT.V508.FILE053.PDS, moved to PDS/DLXTRT
2025-03-28 17:13:46.174143 - Found DLXTSO.txt (text/plain) in CBT.V508.FILE053.PDS, moved to PDS/DLXTSO
2025-03-28 17:13:46.176214 - Found DLXVVDS.txt (text/plain) in CBT.V508.FILE053.PDS, moved to PDS/DLXVVDS
2025-03-28 17:13:46.178525 - Found DLX3480.txt (text/plain) in CBT.V508.FILE053.PDS, moved to PDS/DLX3480
2025-03-28 17:13:46.180265 - Found DSATTR.txt (text/plain) in CBT.V508.FILE053.PDS, moved to PDS/DSATTR
2025-03-28 17:13:46.182051 - Found DSN3@ATH.txt (text/plain) in CBT.V508.FILE053.PDS, moved to PDS/DSN3@ATH
2025-03-28 17:13:46.183577 - Found DUDASD.txt (text/plain) in CBT.V508.FILE053.PDS, moved to PDS/DUDASD
2025-03-28 17:13:46.185540 - Found ENQ.txt (text/plain) in CBT.V508.FILE053.PDS, moved to PDS/ENQ
2025-03-28 17:13:46.186608 - Found EOIEX020.txt (text/plain) in CBT.V508.FILE053.PDS, moved to PDS/EOIEX020
2025-03-28 17:13:46.189163 - Found EXIMPORT.txt (text/plain) in CBT.V508.FILE053.PDS, moved to PDS/EXIMPORT
2025-03-28 17:13:46.191373 - Found FDRXPASS.txt (text/plain) in CBT.V508.FILE053.PDS, moved to PDS/FDRXPASS
2025-03-28 17:13:46.192556 - Found FOLDIT.txt (text/plain) in CBT.V508.FILE053.PDS, moved to PDS/FOLDIT
2025-03-28 17:13:46.193741 - Found GDATE.txt (text/plain) in CBT.V508.FILE053.PDS, moved to PDS/GDATE
2025-03-28 17:13:46.195497 - Found GENPW.txt (text/plain) in CBT.V508.FILE053.PDS, moved to PDS/GENPW
2025-03-28 17:13:46.197566 - Found HELPLIST.txt (text/plain) in CBT.V508.FILE053.PDS, moved to PDS/HELPLIST
2025-03-28 17:13:46.198605 - Found ICHAUTAB.txt (text/plain) in CBT.V508.FILE053.PDS, moved to PDS/ICHAUTAB
2025-03-28 17:13:46.199672 - Found ICHCNX00.txt (text/plain) in CBT.V508.FILE053.PDS, moved to PDS/ICHCNX00
2025-03-28 17:13:46.201369 - Found ICHRDSNT.txt (text/plain) in CBT.V508.FILE053.PDS, moved to PDS/ICHRDSNT
2025-03-28 17:13:46.202355 - Found ICHRDX01.txt (text/plain) in CBT.V508.FILE053.PDS, moved to PDS/ICHRDX01
2025-03-28 17:13:46.203096 - Found ICHRFR01.txt (text/plain) in CBT.V508.FILE053.PDS, moved to PDS/ICHRFR01
2025-03-28 17:13:46.203869 - Found ICHRIN03.txt (text/plain) in CBT.V508.FILE053.PDS, moved to PDS/ICHRIN03
2025-03-28 17:13:46.204664 - Found ICHRRCDE.bin (application/octet-stream) in CBT.V508.FILE053.PDS, moved to PDS/ICHRRCDE
2025-03-28 17:13:46.205205 - Found IDATMSTP.txt (text/plain) in CBT.V508.FILE053.PDS, moved to PDS/IDATMSTP
2025-03-28 17:13:46.209583 - Found IEAVMXIT.txt (text/plain) in CBT.V508.FILE053.PDS, moved to PDS/IEAVMXIT
2025-03-28 17:13:46.211078 - Found IEFACTRT.txt (text/plain) in CBT.V508.FILE053.PDS, moved to PDS/IEFACTRT
2025-03-28 17:13:46.212123 - Found IEFUJV.txt (text/plain) in CBT.V508.FILE053.PDS, moved to PDS/IEFUJV
2025-03-28 17:13:46.213639 - Found IEFUSI.txt (text/plain) in CBT.V508.FILE053.PDS, moved to PDS/IEFUSI
2025-03-28 17:13:46.214413 - Found IEFUTL.txt (text/plain) in CBT.V508.FILE053.PDS, moved to PDS/IEFUTL
2025-03-28 17:13:46.215186 - Found IEFU29.txt (text/plain) in CBT.V508.FILE053.PDS, moved to PDS/IEFU29
2025-03-28 17:13:46.215922 - Found IEFU29R.txt (text/plain) in CBT.V508.FILE053.PDS, moved to PDS/IEFU29R
2025-03-28 17:13:46.216712 - Found IGGPRE00.txt (text/plain) in CBT.V508.FILE053.PDS, moved to PDS/IGGPRE00
2025-03-28 17:13:46.217528 - Found IKJEFF10.txt (text/plain) in CBT.V508.FILE053.PDS, moved to PDS/IKJEFF10
2025-03-28 17:13:46.218685 - Found IKJEFF53.txt (text/plain) in CBT.V508.FILE053.PDS, moved to PDS/IKJEFF53
2025-03-28 17:13:46.219274 - Found IKJEFLD.txt (text/plain) in CBT.V508.FILE053.PDS, moved to PDS/IKJEFLD
2025-03-28 17:13:46.219835 - Found INMRZ01.txt (text/plain) in CBT.V508.FILE053.PDS, moved to PDS/INMRZ01
2025-03-28 17:13:46.224296 - Found INMRZ11.txt (text/plain) in CBT.V508.FILE053.PDS, moved to PDS/INMRZ11
2025-03-28 17:13:46.225031 - Found INMXZ01.txt (text/plain) in CBT.V508.FILE053.PDS, moved to PDS/INMXZ01
2025-03-28 17:13:46.225825 - Found JAFEX003.txt (text/plain) in CBT.V508.FILE053.PDS, moved to PDS/JAFEX003
2025-03-28 17:13:46.226598 - Found JCLEX004.txt (text/plain) in CBT.V508.FILE053.PDS, moved to PDS/JCLEX004
2025-03-28 17:13:46.227846 - Found JOBEX002.txt (text/plain) in CBT.V508.FILE053.PDS, moved to PDS/JOBEX002
2025-03-28 17:13:46.228620 - Found JOOEX009.txt (text/plain) in CBT.V508.FILE053.PDS, moved to PDS/JOOEX009
2025-03-28 17:13:46.229540 - Found LISTPASS.txt (text/plain) in CBT.V508.FILE053.PDS, moved to PDS/LISTPASS
2025-03-28 17:13:46.230656 - Found LISTSPC.txt (text/plain) in CBT.V508.FILE053.PDS, moved to PDS/LISTSPC
2025-03-28 17:13:46.231373 - Found LISTSPC#.txt (text/plain) in CBT.V508.FILE053.PDS, moved to PDS/LISTSPC#
2025-03-28 17:13:46.232186 - Found LISTVOL.txt (text/plain) in CBT.V508.FILE053.PDS, moved to PDS/LISTVOL
2025-03-28 17:13:46.233126 - Found LISTVOL#.txt (text/plain) in CBT.V508.FILE053.PDS, moved to PDS/LISTVOL#
2025-03-28 17:13:46.233927 - Found LOCATE.txt (text/plain) in CBT.V508.FILE053.PDS, moved to PDS/LOCATE
2025-03-28 17:13:46.237897 - Found LOCINDEX.txt (text/plain) in CBT.V508.FILE053.PDS, moved to PDS/LOCINDEX
2025-03-28 17:13:46.239858 - Found LSPACE.txt (text/plain) in CBT.V508.FILE053.PDS, moved to PDS/LSPACE
2025-03-28 17:13:46.241194 - Found LSPACE#.txt (text/plain) in CBT.V508.FILE053.PDS, moved to PDS/LSPACE#
2025-03-28 17:13:46.241939 - Found LXD0007.txt (text/plain) in CBT.V508.FILE053.PDS, moved to PDS/LXD0007
2025-03-28 17:13:46.242879 - Found LXD0010.txt (text/plain) in CBT.V508.FILE053.PDS, moved to PDS/LXD0010
2025-03-28 17:13:46.243631 - Found LXD0014.txt (text/plain) in CBT.V508.FILE053.PDS, moved to PDS/LXD0014
2025-03-28 17:13:46.244968 - Found LXD0032.txt (text/plain) in CBT.V508.FILE053.PDS, moved to PDS/LXD0032
2025-03-28 17:13:46.247040 - Found PFKCARDS.txt (text/plain) in CBT.V508.FILE053.PDS, moved to PDS/PFKCARDS
2025-03-28 17:13:46.248038 - Found PHONBRWS.txt (text/plain) in CBT.V508.FILE053.PDS, moved to PDS/PHONBRWS
2025-03-28 17:13:46.248870 - Found PHONDUMP.txt (text/plain) in CBT.V508.FILE053.PDS, moved to PDS/PHONDUMP
2025-03-28 17:13:46.251386 - Found PHONEDIT.txt (text/plain) in CBT.V508.FILE053.PDS, moved to PDS/PHONEDIT
2025-03-28 17:13:46.253166 - Found PHONINQ.txt (text/plain) in CBT.V508.FILE053.PDS, moved to PDS/PHONINQ
2025-03-28 17:13:46.254243 - Found PHONLOAD.txt (text/plain) in CBT.V508.FILE053.PDS, moved to PDS/PHONLOAD
2025-03-28 17:13:46.256076 - Found RACFSEQ.txt (text/plain) in CBT.V508.FILE053.PDS, moved to PDS/RACFSEQ
2025-03-28 17:13:46.257410 - Found RACFSEQ#.txt (text/plain) in CBT.V508.FILE053.PDS, moved to PDS/RACFSEQ#
2025-03-28 17:13:46.258556 - Found RACFULST.txt (text/plain) in CBT.V508.FILE053.PDS, moved to PDS/RACFULST
2025-03-28 17:13:46.259998 - Found RMTEX254.txt (text/plain) in CBT.V508.FILE053.PDS, moved to PDS/RMTEX254
2025-03-28 17:13:46.262517 - Found SEPEXT01.txt (text/plain) in CBT.V508.FILE053.PDS, moved to PDS/SEPEXT01
2025-03-28 17:13:46.264160 - Found SLSSKEYW.txt (text/plain) in CBT.V508.FILE053.PDS, moved to PDS/SLSSKEYW
2025-03-28 17:13:46.266404 - Found SLSSMAIN.txt (text/plain) in CBT.V508.FILE053.PDS, moved to PDS/SLSSMAIN
2025-03-28 17:13:46.268388 - Found SLSSSCAN.txt (text/plain) in CBT.V508.FILE053.PDS, moved to PDS/SLSSSCAN
2025-03-28 17:13:46.270280 - Found SLSSSUBL.txt (text/plain) in CBT.V508.FILE053.PDS, moved to PDS/SLSSSUBL
2025-03-28 17:13:46.272136 - Found SLSSVEFY.txt (text/plain) in CBT.V508.FILE053.PDS, moved to PDS/SLSSVEFY
2025-03-28 17:13:46.273321 - Found SMFSEL.txt (text/plain) in CBT.V508.FILE053.PDS, moved to PDS/SMFSEL
2025-03-28 17:13:46.274242 - Found SYSTEM.txt (text/plain) in CBT.V508.FILE053.PDS, moved to PDS/SYSTEM
2025-03-28 17:13:46.276219 - Found TMCTABC.txt (text/plain) in CBT.V508.FILE053.PDS, moved to PDS/TMCTABC
2025-03-28 17:13:46.278076 - Found TMCTAB0.txt (text/plain) in CBT.V508.FILE053.PDS, moved to PDS/TMCTAB0
2025-03-28 17:13:46.279666 - Found TMCTAB1.txt (text/plain) in CBT.V508.FILE053.PDS, moved to PDS/TMCTAB1
2025-03-28 17:13:46.280851 - Found TMCTAB2.txt (text/plain) in CBT.V508.FILE053.PDS, moved to PDS/TMCTAB2
2025-03-28 17:13:46.282360 - Found TMCTAB3.txt (text/plain) in CBT.V508.FILE053.PDS, moved to PDS/TMCTAB3
2025-03-28 17:13:46.283818 - Found TXTEX006.txt (text/plain) in CBT.V508.FILE053.PDS, moved to PDS/TXTEX006
2025-03-28 17:13:46.284824 - Found UCS4245.txt (text/plain) in CBT.V508.FILE053.PDS, moved to PDS/UCS4245
2025-03-28 17:13:46.286199 - Found UNITMAP.txt (text/plain) in CBT.V508.FILE053.PDS, moved to PDS/UNITMAP
2025-03-28 17:13:46.287246 - Found UNTMAP#1.txt (text/plain) in CBT.V508.FILE053.PDS, moved to PDS/UNTMAP#1
2025-03-28 17:13:46.288427 - Found USERLIST.txt (text/plain) in CBT.V508.FILE053.PDS, moved to PDS/USERLIST
2025-03-28 17:13:46.290407 - Found USRADD1.txt (text/plain) in CBT.V508.FILE053.PDS, moved to PDS/USRADD1
2025-03-28 17:13:46.292097 - Found USRBROWS.txt (text/plain) in CBT.V508.FILE053.PDS, moved to PDS/USRBROWS
2025-03-28 17:13:46.294310 - Found USRDEL1.txt (text/plain) in CBT.V508.FILE053.PDS, moved to PDS/USRDEL1
2025-03-28 17:13:46.295498 - Found USRDEL2.txt (text/plain) in CBT.V508.FILE053.PDS, moved to PDS/USRDEL2
2025-03-28 17:13:46.296819 - Found USRDEL3.txt (text/plain) in CBT.V508.FILE053.PDS, moved to PDS/USRDEL3
2025-03-28 17:13:46.299198 - Found USRINQ.txt (text/plain) in CBT.V508.FILE053.PDS, moved to PDS/USRINQ
2025-03-28 17:13:46.301229 - Found USRNCCF.txt (text/plain) in CBT.V508.FILE053.PDS, moved to PDS/USRNCCF
2025-03-28 17:13:46.302629 - Found USRUPD1.txt (text/plain) in CBT.V508.FILE053.PDS, moved to PDS/USRUPD1
2025-03-28 17:13:46.307043 - Found USRUPD2.txt (text/plain) in CBT.V508.FILE053.PDS, moved to PDS/USRUPD2
2025-03-28 17:13:46.308493 - Found USRUPD3.txt (text/plain) in CBT.V508.FILE053.PDS, moved to PDS/USRUPD3
2025-03-28 17:13:46.309211 - Found VFYGROUP.txt (text/plain) in CBT.V508.FILE053.PDS, moved to PDS/VFYGROUP
2025-03-28 17:13:46.310019 - Found WHERE.txt (text/plain) in CBT.V508.FILE053.PDS, moved to PDS/WHERE
2025-03-28 17:13:46.310713 - Found WHERE#1.txt (text/plain) in CBT.V508.FILE053.PDS, moved to PDS/WHERE#1
2025-03-28 17:13:46.311826 - Found XRXALLOC.txt (text/plain) in CBT.V508.FILE053.PDS, moved to PDS/XRXALLOC
